<?xml version="1.0" encoding="UTF-8"?>
<testsuite xmlns:xsi="http://www.w3.org/2001/XMLSchema-instance" xsi:noNamespaceSchemaLocation="https://maven.apache.org/surefire/maven-surefire-plugin/xsd/surefire-test-report-3.0.xsd" version="3.0" name="at.ac.fhcampuswien.fhmdb.MovieTest" time="0.037" tests="5" errors="0" skipped="0" failures="0">
  <properties>
    <property name="java.specification.version" value="23"/>
    <property name="sun.jnu.encoding" value="UTF-8"/>
    <property name="java.class.path" value="/home/kama/03_fh/prog_02/prog_02_ex_01/target/test-classes:/home/kama/.m2/repository/org/openjfx/javafx-controls/17.0.2/javafx-controls-17.0.2.jar:/home/kama/.m2/repository/org/openjfx/javafx-graphics/17.0.2/javafx-graphics-17.0.2.jar:/home/kama/.m2/repository/org/openjfx/javafx-base/17.0.2/javafx-base-17.0.2.jar:/home/kama/.m2/repository/org/openjfx/javafx-fxml/17.0.2/javafx-fxml-17.0.2.jar:/home/kama/.m2/repository/org/junit/jupiter/junit-jupiter-api/5.8.2/junit-jupiter-api-5.8.2.jar:/home/kama/.m2/repository/org/opentest4j/opentest4j/1.2.0/opentest4j-1.2.0.jar:/home/kama/.m2/repository/org/junit/platform/junit-platform-commons/1.8.2/junit-platform-commons-1.8.2.jar:/home/kama/.m2/repository/org/apiguardian/apiguardian-api/1.1.2/apiguardian-api-1.1.2.jar:/home/kama/.m2/repository/org/junit/jupiter/junit-jupiter-engine/5.8.2/junit-jupiter-engine-5.8.2.jar:/home/kama/.m2/repository/org/junit/platform/junit-platform-engine/1.8.2/junit-platform-engine-1.8.2.jar:"/>
    <property name="java.vm.vendor" value="Oracle Corporation"/>
    <property name="sun.arch.data.model" value="64"/>
    <property name="java.vendor.url" value="https://java.oracle.com/"/>
    <property name="os.name" value="Linux"/>
    <property name="java.vm.specification.version" value="23"/>
    <property name="sun.java.launcher" value="SUN_STANDARD"/>
    <property name="sun.boot.library.path" value="/home/kama/.jdks/openjdk-23.0.2/lib"/>
    <property name="sun.java.command" value="org.apache.maven.surefire.booter.ForkedBooter /home/kama/03_fh/prog_02/prog_02_ex_01/target/surefire 2025-03-02T18-38-11_915-jvmRun1 surefire-20250302183812254_1tmp surefire_0-20250302183812254_2tmp"/>
    <property name="jdk.debug" value="release"/>
    <property name="surefire.test.class.path" value="/home/kama/03_fh/prog_02/prog_02_ex_01/target/test-classes:/home/kama/.m2/repository/org/openjfx/javafx-controls/17.0.2/javafx-controls-17.0.2.jar:/home/kama/.m2/repository/org/openjfx/javafx-graphics/17.0.2/javafx-graphics-17.0.2.jar:/home/kama/.m2/repository/org/openjfx/javafx-base/17.0.2/javafx-base-17.0.2.jar:/home/kama/.m2/repository/org/openjfx/javafx-fxml/17.0.2/javafx-fxml-17.0.2.jar:/home/kama/.m2/repository/org/junit/jupiter/junit-jupiter-api/5.8.2/junit-jupiter-api-5.8.2.jar:/home/kama/.m2/repository/org/opentest4j/opentest4j/1.2.0/opentest4j-1.2.0.jar:/home/kama/.m2/repository/org/junit/platform/junit-platform-commons/1.8.2/junit-platform-commons-1.8.2.jar:/home/kama/.m2/repository/org/apiguardian/apiguardian-api/1.1.2/apiguardian-api-1.1.2.jar:/home/kama/.m2/repository/org/junit/jupiter/junit-jupiter-engine/5.8.2/junit-jupiter-engine-5.8.2.jar:/home/kama/.m2/repository/org/junit/platform/junit-platform-engine/1.8.2/junit-platform-engine-1.8.2.jar:"/>
    <property name="sun.cpu.endian" value="little"/>
    <property name="user.home" value="/home/kama"/>
    <property name="user.language" value="en"/>
    <property name="java.specification.vendor" value="Oracle Corporation"/>
    <property name="jdk.module.path" value="/home/kama/03_fh/prog_02/prog_02_ex_01/target/classes:/home/kama/.m2/repository/org/openjfx/javafx-controls/17.0.2/javafx-controls-17.0.2-linux.jar:/home/kama/.m2/repository/org/openjfx/javafx-graphics/17.0.2/javafx-graphics-17.0.2-linux.jar:/home/kama/.m2/repository/org/openjfx/javafx-base/17.0.2/javafx-base-17.0.2-linux.jar:/home/kama/.m2/repository/org/openjfx/javafx-fxml/17.0.2/javafx-fxml-17.0.2-linux.jar:/home/kama/.m2/repository/com/jfoenix/jfoenix/9.0.10/jfoenix-9.0.10.jar"/>
    <property name="java.version.date" value="2025-01-21"/>
    <property name="java.home" value="/home/kama/.jdks/openjdk-23.0.2"/>
    <property name="file.separator" value="/"/>
    <property name="basedir" value="/home/kama/03_fh/prog_02/prog_02_ex_01"/>
    <property name="java.vm.compressedOopsMode" value="Zero based"/>
    <property name="line.separator" value="&#10;"/>
    <property name="java.specification.name" value="Java Platform API Specification"/>
    <property name="java.vm.specification.vendor" value="Oracle Corporation"/>
    <property name="surefire.real.class.path" value="/home/kama/.m2/repository/org/apache/maven/surefire/surefire-booter/3.0.0-M8/surefire-booter-3.0.0-M8.jar:/home/kama/.m2/repository/org/apache/maven/surefire/surefire-api/3.0.0-M8/surefire-api-3.0.0-M8.jar:/home/kama/.m2/repository/org/apache/maven/surefire/surefire-logger-api/3.0.0-M8/surefire-logger-api-3.0.0-M8.jar:/home/kama/.m2/repository/org/apache/maven/surefire/surefire-shared-utils/3.0.0-M8/surefire-shared-utils-3.0.0-M8.jar:/home/kama/.m2/repository/org/apache/maven/surefire/surefire-extensions-spi/3.0.0-M8/surefire-extensions-spi-3.0.0-M8.jar:/home/kama/03_fh/prog_02/prog_02_ex_01/target/test-classes:/home/kama/.m2/repository/org/openjfx/javafx-controls/17.0.2/javafx-controls-17.0.2.jar:/home/kama/.m2/repository/org/openjfx/javafx-graphics/17.0.2/javafx-graphics-17.0.2.jar:/home/kama/.m2/repository/org/openjfx/javafx-base/17.0.2/javafx-base-17.0.2.jar:/home/kama/.m2/repository/org/openjfx/javafx-fxml/17.0.2/javafx-fxml-17.0.2.jar:/home/kama/.m2/repository/org/junit/jupiter/junit-jupiter-api/5.8.2/junit-jupiter-api-5.8.2.jar:/home/kama/.m2/repository/org/opentest4j/opentest4j/1.2.0/opentest4j-1.2.0.jar:/home/kama/.m2/repository/org/junit/platform/junit-platform-commons/1.8.2/junit-platform-commons-1.8.2.jar:/home/kama/.m2/repository/org/apiguardian/apiguardian-api/1.1.2/apiguardian-api-1.1.2.jar:/home/kama/.m2/repository/org/junit/jupiter/junit-jupiter-engine/5.8.2/junit-jupiter-engine-5.8.2.jar:/home/kama/.m2/repository/org/junit/platform/junit-platform-engine/1.8.2/junit-platform-engine-1.8.2.jar:/home/kama/.m2/repository/org/apache/maven/surefire/surefire-junit-platform/3.0.0-M8/surefire-junit-platform-3.0.0-M8.jar:/home/kama/.m2/repository/org/apache/maven/surefire/common-java5/3.0.0-M8/common-java5-3.0.0-M8.jar:/home/kama/.m2/repository/org/junit/platform/junit-platform-launcher/1.8.2/junit-platform-launcher-1.8.2.jar"/>
    <property name="sun.management.compiler" value="HotSpot 64-Bit Tiered Compilers"/>
    <property name="java.runtime.version" value="23.0.2+7-58"/>
    <property name="user.name" value="kama"/>
    <property name="stdout.encoding" value="UTF-8"/>
    <property name="path.separator" value=":"/>
    <property name="os.version" value="6.13.4-arch1-1"/>
    <property name="java.runtime.name" value="OpenJDK Runtime Environment"/>
    <property name="file.encoding" value="UTF-8"/>
    <property name="java.vm.name" value="OpenJDK 64-Bit Server VM"/>
    <property name="localRepository" value="/home/kama/.m2/repository"/>
    <property name="java.vendor.url.bug" value="https://bugreport.java.com/bugreport/"/>
    <property name="java.io.tmpdir" value="/tmp"/>
    <property name="idea.version" value="2024.3.2.2"/>
    <property name="java.version" value="23.0.2"/>
    <property name="user.dir" value="/home/kama/03_fh/prog_02/prog_02_ex_01"/>
    <property name="os.arch" value="amd64"/>
    <property name="java.vm.specification.name" value="Java Virtual Machine Specification"/>
    <property name="native.encoding" value="UTF-8"/>
    <property name="java.library.path" value="/usr/java/packages/lib:/usr/lib64:/lib64:/lib:/usr/lib"/>
    <property name="java.vm.info" value="mixed mode"/>
    <property name="stderr.encoding" value="UTF-8"/>
    <property name="java.vendor" value="Oracle Corporation"/>
    <property name="java.vm.version" value="23.0.2+7-58"/>
    <property name="sun.io.unicode.encoding" value="UnicodeLittle"/>
    <property name="java.class.version" value="67.0"/>
  </properties>
  <testcase name="initializeMoviesShouldCreateMovies" classname="at.ac.fhcampuswien.fhmdb.MovieTest" time="0.02"/>
  <testcase name="movieShouldHaveTitle" classname="at.ac.fhcampuswien.fhmdb.MovieTest" time="0.002"/>
  <testcase name="movieShouldHaveDescription" classname="at.ac.fhcampuswien.fhmdb.MovieTest" time="0.001"/>
  <testcase name="movieShouldHaveGenres" classname="at.ac.fhcampuswien.fhmdb.MovieTest" time="0.001"/>
  <testcase name="initializeMoviesShouldHaveCorrectTitles" classname="at.ac.fhcampuswien.fhmdb.MovieTest" time="0.001"/>
</testsuite>